2025-10-13 21:10:33,573 - INFO - Ingesting purchases.csv in db
2025-10-13 21:10:46,634 - INFO - Ingesting purchase_prices.csv in db
2025-10-13 21:10:46,677 - INFO - Ingesting vendor_invoice.csv in db
2025-10-13 21:10:46,700 - INFO - Ingesting begin_inventory.csv in db
2025-10-13 21:10:47,440 - INFO - Ingesting end_inventory.csv in db
2025-10-13 21:10:48,246 - INFO - Ingesting sales.csv in db
2025-10-13 21:11:50,069 - INFO - ------------Ingestion_Complete------------
2025-10-13 21:11:50,069 - INFO - Total Time Taken:1.2749478181203207 mins
2025-10-17 19:27:38,384 - INFO - Creating Vendor Summary Table....
2025-10-17 19:27:52,109 - INFO - None
2025-10-17 19:27:52,110 - INFO - Total time taken for creating vendor summary: 0.22876166502634684 mins
2025-10-17 19:27:52,110 - INFO - Cleaning Data......
2025-10-17 19:28:47,877 - INFO - Creating Vendor Summary Table....
2025-10-17 19:29:01,997 - INFO - None
2025-10-17 19:29:01,998 - INFO - Total time taken for creating vendor summary: 0.2353346625963847 mins
2025-10-17 19:29:01,998 - INFO - Cleaning Data......
2025-10-17 19:31:42,067 - INFO - Creating Vendor Summary Table....
2025-10-17 19:31:55,942 - INFO - None
2025-10-17 19:31:55,942 - INFO - Total time taken for creating vendor summary: 0.23123794794082642 mins
2025-10-17 19:31:55,942 - INFO - Cleaning Data......
2025-10-17 19:31:55,949 - INFO -    VendorNumber                VendorName  Brand              Description  \
0          1128         BROWN-FORMAN CORP   1233  Jack Daniels No 7 Black   
1          4425     MARTIGNETTI COMPANIES   3405    Tito's Handmade Vodka   
2         17035         PERNOD RICARD USA   8068         Absolut 80 Proof   
3          3960  DIAGEO NORTH AMERICA INC   4261   Capt Morgan Spiced Rum   
4          3960  DIAGEO NORTH AMERICA INC   3545          Ketel One Vodka   

   PurchasePrice  ActualPrice  Volume  TotalPurchaseQuantity  \
0          26.27        36.99  1750.0                 145080   
1          23.19        28.99  1750.0                 164038   
2          18.24        24.99  1750.0                 187407   
3          16.17        22.99  1750.0                 201682   
4          21.89        29.99  1750.0                 138109   

   TotalPurchaseDollars  TotalSalesQuantity  TotalSalesDollars  \
0            3811251.60            142049.0         5101919.51   
1            3804041.22            160247.0         4819073.49   
2            3418303.68            187140.0         4538120.60   
3            3261197.94            200412.0         4475972.88   
4            3023206.01            135838.0         4223107.62   

   TotalSalesPrice  TotalExciseTax  FreightCost  GrossProfit  ProfitMargin  \
0        672819.31       260999.20     68601.68   1290667.91     25.297693   
1        561512.37       294438.66    144929.24   1015032.27     21.062810   
2        461140.15       343854.07    123780.22   1119816.92     24.675786   
3        420050.01       368242.80    257032.07   1214774.94     27.139908   
4        545778.28       249587.83    257032.07   1199901.61     28.412764   

   StockTurnover  SalestoPurchaseRatio  
0       0.979108              1.338647  
1       0.976890              1.266830  
2       0.998575              1.327594  
3       0.993703              1.372493  
4       0.983556              1.396897  
2025-10-17 19:31:55,957 - INFO - Total time taken for cleaning data: 0.000236817200978597 mins
2025-10-17 19:31:55,957 - INFO - Ingesting Data.......
2025-10-17 19:35:23,304 - INFO - Creating Vendor Summary Table....
2025-10-17 19:35:35,756 - INFO - None
2025-10-17 19:35:35,756 - INFO - Total time taken for creating vendor summary: 0.20752815008163453 mins
2025-10-17 19:35:35,756 - INFO - Cleaning Data......
2025-10-17 19:35:35,759 - INFO -    VendorNumber                VendorName  Brand              Description  \
0          1128         BROWN-FORMAN CORP   1233  Jack Daniels No 7 Black   
1          4425     MARTIGNETTI COMPANIES   3405    Tito's Handmade Vodka   
2         17035         PERNOD RICARD USA   8068         Absolut 80 Proof   
3          3960  DIAGEO NORTH AMERICA INC   4261   Capt Morgan Spiced Rum   
4          3960  DIAGEO NORTH AMERICA INC   3545          Ketel One Vodka   

   PurchasePrice  ActualPrice  Volume  TotalPurchaseQuantity  \
0          26.27        36.99  1750.0                 145080   
1          23.19        28.99  1750.0                 164038   
2          18.24        24.99  1750.0                 187407   
3          16.17        22.99  1750.0                 201682   
4          21.89        29.99  1750.0                 138109   

   TotalPurchaseDollars  TotalSalesQuantity  TotalSalesDollars  \
0            3811251.60            142049.0         5101919.51   
1            3804041.22            160247.0         4819073.49   
2            3418303.68            187140.0         4538120.60   
3            3261197.94            200412.0         4475972.88   
4            3023206.01            135838.0         4223107.62   

   TotalSalesPrice  TotalExciseTax  FreightCost  GrossProfit  ProfitMargin  \
0        672819.31       260999.20     68601.68   1290667.91     25.297693   
1        561512.37       294438.66    144929.24   1015032.27     21.062810   
2        461140.15       343854.07    123780.22   1119816.92     24.675786   
3        420050.01       368242.80    257032.07   1214774.94     27.139908   
4        545778.28       249587.83    257032.07   1199901.61     28.412764   

   StockTurnover  SalestoPurchaseRatio  
0       0.979108              1.338647  
1       0.976890              1.266830  
2       0.998575              1.327594  
3       0.993703              1.372493  
4       0.983556              1.396897  
2025-10-17 19:35:35,761 - INFO - Total time taken for cleaning data: 8.453130722045899e-05 mins
2025-10-17 19:35:35,761 - INFO - Ingesting Data.......
2025-10-17 19:35:35,779 - INFO - DataFrame successfully written to vendor_sales_summary table
2025-10-17 19:35:35,779 - INFO - Completed !....
2025-10-17 19:35:35,779 - INFO - Total time taken for ingesting data: 0.0002915143966674805 mins
2025-10-17 19:36:42,461 - INFO - Creating Vendor Summary Table....
2025-10-17 19:36:54,737 - INFO - None
2025-10-17 19:36:54,737 - INFO - Total time taken for creating vendor summary: 0.20460758209228516 mins
2025-10-17 19:36:54,737 - INFO - Cleaning Data......
2025-10-17 19:36:54,741 - INFO -    VendorNumber                VendorName  Brand              Description  \
0          1128         BROWN-FORMAN CORP   1233  Jack Daniels No 7 Black   
1          4425     MARTIGNETTI COMPANIES   3405    Tito's Handmade Vodka   
2         17035         PERNOD RICARD USA   8068         Absolut 80 Proof   
3          3960  DIAGEO NORTH AMERICA INC   4261   Capt Morgan Spiced Rum   
4          3960  DIAGEO NORTH AMERICA INC   3545          Ketel One Vodka   

   PurchasePrice  ActualPrice  Volume  TotalPurchaseQuantity  \
0          26.27        36.99  1750.0                 145080   
1          23.19        28.99  1750.0                 164038   
2          18.24        24.99  1750.0                 187407   
3          16.17        22.99  1750.0                 201682   
4          21.89        29.99  1750.0                 138109   

   TotalPurchaseDollars  TotalSalesQuantity  TotalSalesDollars  \
0            3811251.60            142049.0         5101919.51   
1            3804041.22            160247.0         4819073.49   
2            3418303.68            187140.0         4538120.60   
3            3261197.94            200412.0         4475972.88   
4            3023206.01            135838.0         4223107.62   

   TotalSalesPrice  TotalExciseTax  FreightCost  GrossProfit  ProfitMargin  \
0        672819.31       260999.20     68601.68   1290667.91     25.297693   
1        561512.37       294438.66    144929.24   1015032.27     21.062810   
2        461140.15       343854.07    123780.22   1119816.92     24.675786   
3        420050.01       368242.80    257032.07   1214774.94     27.139908   
4        545778.28       249587.83    257032.07   1199901.61     28.412764   

   StockTurnover  SalestoPurchaseRatio  
0       0.979108              1.338647  
1       0.976890              1.266830  
2       0.998575              1.327594  
3       0.993703              1.372493  
4       0.983556              1.396897  
2025-10-17 19:36:54,743 - INFO - Total time taken for cleaning data: 8.740425109863282e-05 mins
2025-10-17 19:36:54,743 - INFO - Ingesting Data.......
2025-10-17 19:36:54,938 - INFO - DataFrame successfully written to vendor_sales_summary table
2025-10-17 19:36:54,938 - INFO - Completed !....
2025-10-17 19:36:54,938 - INFO - Total time taken for ingesting data: 0.003248413403828939 mins
